Using paramFile: /opt/install/oracledb/database/install/oraparam.ini


Checking Temp space: must be greater than 500 MB.   Actual 29499 MB    Passed
Checking swap space: must be greater than 150 MB.   Actual 5805 MB    Passed

The commandline for unzip:
/opt/install/oracledb/database/install/unzip -qqqo ../stage/Components/oracle.jdk/1.8.0.91.0/1/DataFiles/\*.jar -d /tmp/OraInstall2019-03-05_08-49-40AM 
使用 oraparam.ini 中提供的 umask 值 '022'
INFO: Oracle Universal Installer Version 12.2.0.1.4 

Execvp of the child jre : the cmdline is /tmp/OraInstall2019-03-05_08-49-40AM/jdk/jre/bin/java, and the argv is 
/tmp/OraInstall2019-03-05_08-49-40AM/jdk/jre/bin/java
-Doracle.installer.library_loc=/tmp/OraInstall2019-03-05_08-49-40AM/oui/lib/linux64
-Doracle.installer.oui_loc=/tmp/OraInstall2019-03-05_08-49-40AM/oui
-Doracle.installer.bootstrap=TRUE
-Doracle.installer.startup_location=/opt/install/oracledb/database/install
-Doracle.installer.jre_loc=/tmp/OraInstall2019-03-05_08-49-40AM/jdk/jre
-Doracle.installer.nlsEnabled="TRUE"
-Doracle.installer.prereqConfigLoc= 
-Doracle.installer.unixVersion=3.10.0-693.11.6.el7.x86_64
-Xms150m
-Xmx2048m
-XX:-OmitStackTraceInFastThrow
-XX:CompileCommand=quiet
-XX:CompileCommand=exclude,javax/swing/text/GlyphView,getBreakSpot
-Doracle.install.setup.workDir=/home/oracle/.ansible/tmp/ansible-moduletmp-1551775779.96-MM7WZ3
-DCVU_OS_SETTINGS=SHELL_NOFILE_SOFT_LIMIT:1024,SHELL_STACK_SOFT_LIMIT:10240,SHELL_UMASK:0022
-cp
/tmp/OraInstall2019-03-05_08-49-40AM::/tmp/OraInstall2019-03-05_08-49-40AM/ext/jlib/opatchsdk.jar:/tmp/OraInstall2019-03-05_08-49-40AM/ext/jlib/OraPrereqChecks.jar:/tmp/OraInstall2019-03-05_08-49-40AM/ext/jlib/remoteinterfaces.jar:/tmp/OraInstall2019-03-05_08-49-40AM/ext/jlib/emca.jar:/tmp/OraInstall2019-03-05_08-49-40AM/ext/jlib/orai18n-translation.jar:/tmp/OraInstall2019-03-05_08-49-40AM/ext/jlib/javax.security.jacc_1.0.0.0_1-1.jar:/tmp/OraInstall2019-03-05_08-49-40AM/ext/jlib/instdb.jar:/tmp/OraInstall2019-03-05_08-49-40AM/ext/jlib/prov_fixup.jar:/tmp/OraInstall2019-03-05_08-49-40AM/ext/jlib/entityManager_proxy.jar:/tmp/OraInstall2019-03-05_08-49-40AM/ext/jlib/cvu.jar:/tmp/OraInstall2019-03-05_08-49-40AM/ext/jlib/opatch.jar:/tmp/OraInstall2019-03-05_08-49-40AM/ext/jlib/installcommons_1.0.0b.jar:/tmp/OraInstall2019-03-05_08-49-40AM/ext/jlib/instcommon.jar:/tmp/OraInstall2019-03-05_08-49-40AM/ext/jlib/emCoreConsole.jar:/tmp/OraInstall2019-03-05_08-49-40AM/ext/jlib/orai18n-utility.jar:/tmp/OraInstall2019-03-05_08-49-40AM/ext/jlib/ojdbc8.jar:/tmp/OraInstall2019-03-05_08-49-40AM/ext/jlib/ssh.jar:/tmp/OraInstall2019-03-05_08-49-40AM/ext/jlib/adf-share-ca.jar:/tmp/OraInstall2019-03-05_08-49-40AM/ext/jlib/wsclient_extended.jar:/tmp/OraInstall2019-03-05_08-49-40AM/ext/jlib/orai18n-mapping.jar:/tmp/OraInstall2019-03-05_08-49-40AM/ext/jlib/jsch.jar:/tmp/OraInstall2019-03-05_08-49-40AM/ext/jlib/OraPrereq.jar:/tmp/OraInstall2019-03-05_08-49-40AM/ext/jlib/jmxspi.jar:/tmp/OraInstall2019-03-05_08-49-40AM/oui/jlib/OraInstaller.jar:/tmp/OraInstall2019-03-05_08-49-40AM/oui/jlib/oneclick.jar:/tmp/OraInstall2019-03-05_08-49-40AM/oui/jlib/xmlparserv2.jar:/tmp/OraInstall2019-03-05_08-49-40AM/oui/jlib/share.jar:/tmp/OraInstall2019-03-05_08-49-40AM/oui/jlib/OraInstallerNet.jar:/tmp/OraInstall2019-03-05_08-49-40AM/oui/jlib/emCfg.jar:/tmp/OraInstall2019-03-05_08-49-40AM/oui/jlib/emocmutl.jar:/tmp/OraInstall2019-03-05_08-49-40AM/oui/jlib/OraPrereq.jar:/tmp/OraInstall2019-03-05_08-49-40AM/oui/jlib/jsch.jar:/tmp/OraInstall2019-03-05_08-49-40AM/oui/jlib/ssh.jar:/tmp/OraInstall2019-03-05_08-49-40AM/oui/jlib/remoteinterfaces.jar:/tmp/OraInstall2019-03-05_08-49-40AM/oui/jlib/http_client.jar:/tmp/OraInstall2019-03-05_08-49-40AM/oui/jlib/OraSuiteInstaller.jar:../stage/Components/oracle.swd.opatch/12.2.0.1.4/1/DataFiles/jlib/opatch.jar:../stage/Components/oracle.swd.opatch/12.2.0.1.4/1/DataFiles/jlib/opatchactions.jar:../stage/Components/oracle.swd.opatch/12.2.0.1.4/1/DataFiles/jlib/opatchprereq.jar:../stage/Components/oracle.swd.opatch/12.2.0.1.4/1/DataFiles/jlib/opatchutil.jar:/tmp/OraInstall2019-03-05_08-49-40AM/oui/jlib/OraCheckPoint.jar:/tmp/OraInstall2019-03-05_08-49-40AM/oui/jlib/InstImages.jar:/tmp/OraInstall2019-03-05_08-49-40AM/oui/jlib/InstHelp.jar:/tmp/OraInstall2019-03-05_08-49-40AM/oui/jlib/InstHelp_de.jar:/tmp/OraInstall2019-03-05_08-49-40AM/oui/jlib/InstHelp_es.jar:/tmp/OraInstall2019-03-05_08-49-40AM/oui/jlib/InstHelp_fr.jar:/tmp/OraInstall2019-03-05_08-49-40AM/oui/jlib/InstHelp_it.jar:/tmp/OraInstall2019-03-05_08-49-40AM/oui/jlib/InstHelp_ja.jar:/tmp/OraInstall2019-03-05_08-49-40AM/oui/jlib/InstHelp_ko.jar:/tmp/OraInstall2019-03-05_08-49-40AM/oui/jlib/InstHelp_pt_BR.jar:/tmp/OraInstall2019-03-05_08-49-40AM/oui/jlib/InstHelp_zh_CN.jar:/tmp/OraInstall2019-03-05_08-49-40AM/oui/jlib/InstHelp_zh_TW.jar:/tmp/OraInstall2019-03-05_08-49-40AM/oui/jlib/oracle_ice.jar:/tmp/OraInstall2019-03-05_08-49-40AM/oui/jlib/help-share.jar:/tmp/OraInstall2019-03-05_08-49-40AM/oui/jlib/ohj.jar:/tmp/OraInstall2019-03-05_08-49-40AM/oui/jlib/ewt3.jar:/tmp/OraInstall2019-03-05_08-49-40AM/oui/jlib/ewt3-swingaccess.jar:/tmp/OraInstall2019-03-05_08-49-40AM/oui/jlib/swingaccess.jar::/tmp/OraInstall2019-03-05_08-49-40AM/oui/jlib/jewt4.jar:/tmp/OraInstall2019-03-05_08-49-40AM/oui/jlib/orai18n-collation.jar:/tmp/OraInstall2019-03-05_08-49-40AM/oui/jlib/orai18n-mapping.jar:/tmp/OraInstall2019-03-05_08-49-40AM/oui/jlib/ojmisc.jar:/tmp/OraInstall2019-03-05_08-49-40AM/oui/jlib/xml.jar:/tmp/OraInstall2019-03-05_08-49-40AM/oui/jlib/srvm.jar:/tmp/OraInstall2019-03-05_08-49-40AM/oui/jlib/srvmasm.jar
oracle.install.ivw.db.driver.DBInstaller
-scratchPath
/tmp/OraInstall2019-03-05_08-49-40AM
-sourceLoc
/opt/install/oracledb/database/install/../stage/products.xml
-sourceType
network
-timestamp
2019-03-05_08-49-40AM
-silent
-waitforcompletion
-ignorePrereq
-responseFile
/opt/install/oracledb/db.rsp
-nocleanUpOnExit
INFO: Loading data from: jar:file:/tmp/OraInstall2019-03-05_08-49-40AM/ext/jlib/installcommons_1.0.0b.jar!/oracle/install/driver/oui/resource/ConfigCommandMappings.xml
INFO: Loading beanstore from jar:file:/tmp/OraInstall2019-03-05_08-49-40AM/ext/jlib/installcommons_1.0.0b.jar!/oracle/install/driver/oui/resource/ConfigCommandMappings.xml
INFO: Restoring class oracle.install.driver.oui.ConfigCmdMappings from jar:file:/tmp/OraInstall2019-03-05_08-49-40AM/ext/jlib/installcommons_1.0.0b.jar!/oracle/install/driver/oui/resource/ConfigCommandMappings.xml
INFO: Loading beans from Xml Bean Store. [BeanStoreName:config-data]
INFO: Setting value for the property:platformcmdmap in the bean:configcmd
INFO: Setting value for the property:id in the bean:configcmd
INFO: Setting value for the property:platformcmdmap in the bean:configcmd
INFO: Setting value for the property:id in the bean:configcmd
INFO: Setting value for the property:platformcmdmap in the bean:configcmd
INFO: Setting value for the property:id in the bean:configcmd
INFO: Setting value for the property:platformcmdmap in the bean:configcmd
INFO: Setting value for the property:id in the bean:configcmd
INFO: Setting value for the property:platformcmdmap in the bean:configcmd
INFO: Setting value for the property:id in the bean:configcmd
INFO: Setting value for the property:platformcmdmap in the bean:configcmd
INFO: Setting value for the property:id in the bean:configcmd
INFO: Setting value for the property:platformcmdmap in the bean:configcmd
INFO: Setting value for the property:id in the bean:configcmd
INFO: Setting value for the property:platformcmdmap in the bean:configcmd
INFO: Setting value for the property:id in the bean:configcmd
INFO: Setting value for the property:platformcmdmap in the bean:configcmd
INFO: Setting value for the property:id in the bean:configcmd
INFO: Setting value for the property:platformcmdmap in the bean:configcmd
INFO: Setting value for the property:id in the bean:configcmd
INFO: Setting value for the property:platformcmdmap in the bean:configcmd
INFO: Setting value for the property:id in the bean:configcmd
INFO: Setting value for the property:platformcmdmap in the bean:configcmd
INFO: Setting value for the property:id in the bean:configcmd
INFO: Setting value for the property:platformcmdmap in the bean:configcmd
INFO: Setting value for the property:id in the bean:configcmd
INFO: Setting value for the property:configcmds in the bean:configcmdmappings
INFO: Inventory exists: false
INFO: Gathering system details...
INFO: Gathering system details...
INFO: 注册设置 bean
INFO: Validating Response File /opt/install/oracledb/db.rsp
WARNING: Unable to find the namespace URI. Reason: Start of root element expected.
INFO: Createing properties map - in ExtendedPropertyFileFormat.loadPropertiesMap()
INFO: Setting Response file data to the Installer
WARNING: Unable to find the namespace URI. Reason: Start of root element expected.
INFO: 构建流
INFO: Opening bean stores from which the beans can be loaded
INFO: Changing the format to extended property file format to merge the flowDataDefaults with the flowDataSource
INFO: Loading beanstore from file:/opt/install/oracledb/db.rsp
INFO: Translating external format into raw format 
INFO: Loaded BeanStore using the flow data source
INFO: No global condition definition found.
INFO: Building the flow graph
INFO: Loaded state AutoUpdatesOptionsUI
INFO: Loaded state UpdatesListUI
INFO: Loaded state finishupdates
INFO: Building the flow graph
INFO: Loaded state prepInstall
INFO: Loaded state supportedOSCheck
INFO: Loaded state decideOCMInstall
INFO: Loaded state getOCMDetails
INFO: Loaded state autoupdatesDecider
INFO: Loaded state preAutoUpdates
INFO: Loaded state AutoUpdatesOptionsUI
INFO: Loaded state UpdatesListUI
INFO: Loaded state installOptions
INFO: Loaded state getSystemClass
INFO: Loaded state DBTypeSelectionPage
INFO: Loaded state RACDBTypeSelectionPage
INFO: Loaded state nodeSelectionPage
INFO: Loaded state SSHPerformance
INFO: Loaded state nodeSelectionPageVal
INFO: Loaded state upgradeValidation
INFO: Loaded state installType
INFO: Loaded state quickInstallPage
INFO: Loaded state productLanguage
INFO: Loaded state inventoryPage
INFO: Loaded state getOracleHome
INFO: Loaded state dbEdition
INFO: Loaded state configurationType
INFO: Loaded state dbIdentifier
INFO: Loaded state configurationOption
INFO: Loaded state managementOption
INFO: Loaded state storageOption
INFO: Loaded state recoveryOption
INFO: Loaded state selectASMDiskGroups
INFO: Loaded state schemaPasswordDialog
INFO: Loaded state getPrivilegedOSGroups
INFO: Loaded state prereqExecutionDecider
INFO: Loaded state performChecks
INFO: Loaded state showSummary
INFO: Loaded state setup
INFO: Loaded state finish
INFO: Linking states 
INFO: State[AutoUpdatesOptionsUI]: route=NO_AUTO_UPDATES; to=installOptions
INFO: State[AutoUpdatesOptionsUI]: route=success; to=UpdatesListUI
INFO: State[DBTypeSelectionPage]: route=rac_dbcreate; to=RACDBTypeSelectionPage
INFO: State[DBTypeSelectionPage]: route=rac_no_dbcreate; to=nodeSelectionPage
INFO: State[DBTypeSelectionPage]: route=si_dbcreate; to=installType
INFO: State[DBTypeSelectionPage]: route=si_no_dbcreate; to=productLanguage
INFO: State[RACDBTypeSelectionPage]: route=admin; to=nodeSelectionPage
INFO: State[RACDBTypeSelectionPage]: route=policy; to=nodeSelectionPage
INFO: State[SSHPerformance]: route=success; to=nodeSelectionPageVal
INFO: State[UpdatesListUI]: route=success; to=installOptions
INFO: State[autoupdatesDecider]: route=AUTO_UPDATES_DISABLE; to=installOptions
INFO: State[autoupdatesDecider]: route=AUTO_UPDATES_STATE_SKIP; to=installOptions
INFO: State[autoupdatesDecider]: route=success; to=preAutoUpdates
INFO: Condition of state[autoupdatesDecider]: route=matched; to=installOptions
INFO: State[configurationOption]: route=success; to=storageOption
INFO: State[configurationType]: route=success; to=dbIdentifier
INFO: State[dbEdition]: route=oraclehome_location; to=getOracleHome
INFO: State[dbIdentifier]: route=success; to=configurationOption
INFO: State[decideOCMInstall]: route=ignoreOCM; to=autoupdatesDecider
INFO: State[decideOCMInstall]: route=requireOCM; to=getOCMDetails
INFO: State[getOCMDetails]: route=success; to=autoupdatesDecider
INFO: State[getOracleHome]: route=advanced_yes_createDB_yes; to=configurationType
INFO: State[getOracleHome]: route=advanced_yes_inventory_no; to=inventoryPage
INFO: State[getOracleHome]: route=advanced_yes_softwareDB_yes; to=getPrivilegedOSGroups
INFO: State[getOracleHome]: route=advanced_yes_upgrade_yes; to=getPrivilegedOSGroups
INFO: State[getPrivilegedOSGroups]: route=success; to=prereqExecutionDecider
INFO: State[getSystemClass]: route=desktop_class_yes; to=quickInstallPage
INFO: State[getSystemClass]: route=server_class_yes; to=DBTypeSelectionPage
INFO: State[installOptions]: route=advanced_yes_softwareDB_yes; to=DBTypeSelectionPage
INFO: State[installOptions]: route=migrate_yes_clusterware_no; to=upgradeValidation
INFO: State[installOptions]: route=migrate_yes_clusterware_yes; to=DBTypeSelectionPage
INFO: State[installOptions]: route=system_class; to=getSystemClass
INFO: State[installType]: route=advanced_yes; to=productLanguage
INFO: State[installType]: route=basic_yes; to=quickInstallPage
INFO: State[inventoryPage]: route=advanced_yes_createDB_yes; to=configurationType
INFO: State[inventoryPage]: route=advanced_yes_softwareDB_yes; to=getPrivilegedOSGroups
INFO: State[inventoryPage]: route=basic_yes; to=prereqExecutionDecider
INFO: Condition of state[inventoryPage]: route=advanced_yes_createDB_yes; to=configurationType
INFO: Condition of state[inventoryPage]: route=advanced_yes_softwareDB_yes; to=getPrivilegedOSGroups
INFO: Condition of state[inventoryPage]: route=basic_yes; to=prereqExecutionDecider
INFO: State[managementOption]: route=success; to=recoveryOption
INFO: State[nodeSelectionPage]: route=success; to=SSHPerformance
INFO: State[nodeSelectionPageVal]: route=create_and_configureDB; to=installType
INFO: State[nodeSelectionPageVal]: route=software_onlyDB; to=productLanguage
INFO: State[nodeSelectionPageVal]: route=upgradeDB; to=upgradeValidation
INFO: State[performChecks]: route=success; to=showSummary
INFO: State[preAutoUpdates]: route=success; to=AutoUpdatesOptionsUI
INFO: State[prepInstall]: route=DOWNLOAD_UPDATES_ONLY; to=AutoUpdatesOptionsUI
INFO: State[prepInstall]: route=configTools; to=setup
INFO: State[prepInstall]: route=success; to=supportedOSCheck
INFO: State[prereqExecutionDecider]: route=executeprereqs; to=performChecks
INFO: State[prereqExecutionDecider]: route=ignoreprereqs; to=showSummary
INFO: State[productLanguage]: route=productlanguage_yes; to=dbEdition
INFO: Condition of state[productLanguage]: route=matched; to=dbEdition
INFO: State[quickInstallPage]: route=basic_yes_inventory_no; to=inventoryPage
INFO: State[quickInstallPage]: route=basic_yes_inventory_yes; to=prereqExecutionDecider
INFO: State[recoveryOption]: route=asm_chosen_asm_not_present; to=schemaPasswordDialog
INFO: State[recoveryOption]: route=asm_chosen_asm_present; to=selectASMDiskGroups
INFO: State[recoveryOption]: route=asm_not_chosen; to=schemaPasswordDialog
INFO: State[schemaPasswordDialog]: route=success; to=getPrivilegedOSGroups
INFO: State[selectASMDiskGroups]: route=success; to=schemaPasswordDialog
INFO: State[setup]: route=success; to=finish
INFO: State[showSummary]: route=success; to=setup
INFO: State[storageOption]: route=success; to=managementOption
INFO: State[supportedOSCheck]: route=success; to=decideOCMInstall
INFO: State[upgradeValidation]: route=success; to=productLanguage
INFO: State[AutoUpdatesOptionsUI]: route=NO_AUTO_UPDATES; to=finishupdates
INFO: State[AutoUpdatesOptionsUI]: route=success; to=UpdatesListUI
INFO: State[UpdatesListUI]: route=DOWNLOAD_UPDATES_FINISHED; to=finishupdates
INFO: Successfully built the flow
INFO: loading the beans from bean stores
INFO: Loading flow data beans
INFO: Loading beans from Properties Bean Store. [BeanStoreName:beanstore]
INFO: Setting value for the property:DBInstallSettings in the bean:DBSetupBean
INFO: Setting value for the property:CentralInventorySettings in the bean:DBSetupBean
INFO: Setting value for the property:oracle_install_autoupdates_myOracleSupportCredentials in the bean:AutoUpdatesInstallSettings
INFO: Setting value for the property:oracle_install_autoupdates_httpProxySettings in the bean:AutoUpdatesInstallSettings
INFO: Setting value for the property:AutoUpdatesInstallSettings in the bean:DBSetupBean
INFO: Setting value for the property:OCMSettings in the bean:DBSetupBean
INFO: Setting value for the property:WindowsSecureOptionSettings in the bean:DBSetupBean
INFO: Setting value for the property:PatchInstallSettings in the bean:DBSetupBean
INFO: Setting value for the property:RootConfigurationSettings in the bean:DBSetupBean
INFO: Loading beans from Xml Bean Store. [BeanStoreName:beanstore]
INFO: Setting value for the property:oracle_install_db_GlobalDBName in the bean:DBInstallSettings
INFO: Setting value for the property:oracle_install_db_MountPointLocation in the bean:DBInstallSettings
INFO: Setting value for the property:oracle_install_db_SuperAdminSamePasswdForAll in the bean:DBInstallSettings
INFO: Setting value for the property:oracle_install_db_SuperAdminPasswords in the bean:DBInstallSettings
INFO: Setting value for the property:oracle_install_db_InstallEdition in the bean:DBInstallSettings
INFO: Setting value for the property:oracle_install_db_CharacterSet in the bean:DBInstallSettings
INFO: Setting value for the property:oracle_install_db_StarterDatabaseType in the bean:DBInstallSettings
INFO: Setting value for the property:oracle_install_OSDBA in the bean:DBInstallSettings
INFO: Setting value for the property:oracle_install_OSBKP in the bean:DBInstallSettings
INFO: Setting value for the property:oracle_install_OSDGD in the bean:DBInstallSettings
INFO: Setting value for the property:oracle_install_OSKMT in the bean:DBInstallSettings
INFO: Setting value for the property:oracle_install_db_ServerPoolCardinality in the bean:DBInstallSettings
INFO: Setting value for the property:oracle_install_db_EnableAutoBackup in the bean:DBInstallSettings
INFO: Setting value for the property:oracle_install_db_LoadExampleSchemas in the bean:DBInstallSettings
INFO: Setting value for the property:oracle_install_db_UseFileSystemForRecovery in the bean:DBInstallSettings
INFO: Setting value for the property:oracle_install_db_UseSamePassword in the bean:DBInstallSettings
INFO: Setting value for the property:oracle_install_db_isRACOneInstall in the bean:DBInstallSettings
INFO: Setting value for the property:oracle_install_db_ConfigTabSelected in the bean:DBInstallSettings
INFO: Setting value for the property:oracle_install_db_CharSetOption in the bean:DBInstallSettings
INFO: Setting value for the property:oracle_install_db_StorageType in the bean:DBInstallSettings
INFO: Setting value for the property:oracle_install_db_AutoMemoryOption in the bean:DBInstallSettings
INFO: Setting value for the property:oracle_install_db_AllocatedMemory in the bean:DBInstallSettings
INFO: Setting value for the property:oracle_install_db_InstallOption in the bean:DBInstallSettings
INFO: Setting value for the property:oracle_install_db_InstallOptionSelected in the bean:DBInstallSettings
INFO: Setting value for the property:oracle_install_db_SID in the bean:DBInstallSettings
INFO: Setting value for the property:oracle_install_db_PDBName in the bean:DBInstallSettings
INFO: Setting value for the property:oracle_install_db_ConfigureAsContainerDB in the bean:DBInstallSettings
INFO: Setting value for the property:oracle_install_db_managementOption in the bean:DBInstallSettings
INFO: Setting value for the property:oracle_install_db_omsPort in the bean:DBInstallSettings
INFO: Setting value for the property:ORACLE_BASE in the bean:DBInstallSettings
INFO: Setting value for the property:ORACLE_HOME in the bean:DBInstallSettings
INFO: Setting value for the property:DBInstallSettings in the bean:DBSetupBean
INFO: Setting value for the property:INVENTORY_LOCATION in the bean:CentralInventorySettings
INFO: Setting value for the property:UNIX_GROUP_NAME in the bean:CentralInventorySettings
INFO: Setting value for the property:CentralInventorySettings in the bean:DBSetupBean
INFO: Setting value for the property:oracle_install_autoupdates_myOracleSupportCredentials in the bean:AutoUpdatesInstallSettings
INFO: Setting value for the property:oracle_install_autoupdates_httpProxySettings in the bean:AutoUpdatesInstallSettings
INFO: Setting value for the property:AutoUpdatesInstallSettings in the bean:DBSetupBean
INFO: Setting value for the property:DECLINE_SECURITY_UPDATES in the bean:OCMSettings
INFO: Setting value for the property:SECURITY_UPDATES_VIA_MYORACLESUPPORT in the bean:OCMSettings
INFO: Setting value for the property:OCMSettings in the bean:DBSetupBean
INFO: Setting value for the property:SELECTED_LANGUAGES in the bean:DBSetupBean
INFO: Setting value for the property:WindowsSecureOptionSettings in the bean:DBSetupBean
INFO: Set value for bean DBSetupBean
INFO: Loading beans from Properties Bean Store. [BeanStoreName:beanstore]
INFO: Loading beans from Xml Bean Store. [BeanStoreName:beanstore]
INFO: Loading beans from Properties Bean Store. [BeanStoreName:beanstore]
INFO: Setting value for the property:oracle_install_autoupdates_myOracleSupportCredentials in the bean:AutoUpdatesInstallSettings
INFO: Setting value for the property:oracle_install_autoupdates_httpProxySettings in the bean:AutoUpdatesInstallSettings
INFO: Loading beans from Xml Bean Store. [BeanStoreName:beanstore]
INFO: Loading beans from Properties Bean Store. [BeanStoreName:beanstore]
INFO: Loading beans from Xml Bean Store. [BeanStoreName:beanstore]
INFO: Loading beans from Properties Bean Store. [BeanStoreName:beanstore]
INFO: Loading beans from Xml Bean Store. [BeanStoreName:beanstore]
INFO: Closing bean stores from which the beans can be loaded
INFO: Registering the flow views
INFO: Adding View[type: oracle.install.commons.base.interview.common.view.PrereqGUI viewId: null uiType: null]
INFO: Adding View[type: oracle.install.commons.base.interview.common.view.SummaryGUI viewId: null uiType: null]
INFO: Adding View[type: oracle.install.commons.base.interview.common.view.SetupGUI viewId: null uiType: null]
INFO: Adding View[type: oracle.install.ivw.common.view.InventoryUI viewId: null uiType: null]
INFO: Adding View[type: oracle.install.ivw.common.view.ProductLanguageGUI viewId: ProductLanguageUI uiType: null]
INFO: Adding View[type: oracle.install.ivw.common.view.OCMDetailsGUI viewId: OCMDetailsUI uiType: null]
INFO: Adding View[type: oracle.install.ivw.db.view.ConfigurationTypeUI viewId: null uiType: null]
INFO: Adding View[type: oracle.install.ivw.db.view.DBIdentifierUI viewId: null uiType: null]
INFO: Adding View[type: oracle.install.ivw.db.view.ConfigurationOptionsUI viewId: null uiType: null]
INFO: Adding View[type: oracle.install.ivw.db.view.ManagementOptionsUI viewId: null uiType: null]
INFO: Adding View[type: oracle.install.ivw.db.view.StorageOptionsUI viewId: null uiType: null]
INFO: Adding View[type: oracle.install.ivw.db.view.RecoveryBackupUI viewId: null uiType: null]
INFO: Adding View[type: oracle.install.ivw.db.view.ASMDiskGroupSelectionGUI viewId: ASMDiskGroupSelectionUI uiType: null]
INFO: Adding View[type: oracle.install.ivw.db.view.SchemaPasswordUI viewId: null uiType: null]
INFO: Adding View[type: oracle.install.ivw.db.view.QuickInstallUI viewId: null uiType: null]
INFO: Adding View[type: oracle.install.ivw.db.view.InstallOptionsUI viewId: null uiType: null]
INFO: Adding View[type: oracle.install.ivw.db.view.SystemClassUI viewId: SystemClassUI uiType: null]
INFO: Adding View[type: oracle.install.ivw.db.view.InstallLocationUI viewId: null uiType: null]
INFO: Adding View[type: oracle.install.ivw.db.view.DBEditionGUI viewId: null uiType: null]
INFO: Adding View[type: oracle.install.ivw.db.view.NodeSelectionUI viewId: null uiType: null]
INFO: Adding View[type: oracle.install.ivw.db.view.DBTypeSelectionGUI viewId: DBTypeSelectionUI uiType: null]
INFO: Adding View[type: oracle.install.ivw.db.view.RACDBTypeSelectionGUI viewId: RACDBTypeSelectionUI uiType: null]
INFO: Adding View[type: oracle.install.ivw.db.view.FinishUI viewId: null uiType: null]
INFO: Adding View[type: oracle.install.ivw.db.view.PrivilegedOSGroupsGUI viewId: null uiType: null]
INFO: Adding View[type: oracle.install.ivw.db.view.InstallTypeGUI viewId: installTypeUI uiType: null]
INFO: Adding View[type: oracle.install.ivw.common.view.AutoUpdatesOptionsUI viewId: AutoUpdatesOptionsUI uiType: null]
INFO: Adding View[type: oracle.install.ivw.common.view.UpdatesListUI viewId: UpdatesListUI uiType: null]
INFO: Adding View[type: oracle.install.ivw.common.view.FinishUpdatesUI viewId: FinishUpdatesUI uiType: null]
INFO: Initial values of Setup Properties :
----------------------------------------------------------------------------------------------------
 PROPERTY                                               VALUE                                      
----------------------------------------------------------------------------------------------------
 AutoUpdatesInstallSettings                             oracle.install.ivw.common.bean.AutoUpdates 
                                                        InstallSettings@770d3326                   
 COLLECTOR_IGNORE_CONFIGURATION                         false                                      
 COLLECTOR_IGNORE_FAILURES                              false                                      
 COLLECTOR_RESPONSE_FILE                                                                           
 CentralInventorySettings                               oracle.install.ivw.common.bean.CentralInve 
                                                        ntorySettings@2abf4075                     
 DBInstallSettings                                      oracle.install.ivw.db.bean.DBInstallSettin 
                                                        gs@6a370f4                                 
 DECLINE_SECURITY_UPDATES                               true                                       
 FROM_LOCATION                                          /opt/install/oracledb/database/install/../ 
                                                        stage/products.xml                         
 INSTALL_TYPE                                           EE                                         
 INVENTORY_LOCATION                                     /opt/oraInventory                          
 MYORACLESUPPORT_PASSWORD                               *Protected value, not to be logged*        
 MYORACLESUPPORT_USERNAME                                                                          
 OCMSettings                                            oracle.install.ivw.common.bean.OCMSettings 
                                                        @19d481b                                   
 ORACLE_BASE                                            /opt/oracledb                              
 ORACLE_HOME                                            /opt/oracledb/product/12.2.0.1/db_1        
 ORACLE_HOSTNAME                                        oracle2                                    
 PROXY_HOST                                                                                        
 PROXY_PORT                                                                                        
 PROXY_PWD                                              *Protected value, not to be logged*        
 PROXY_USER                                                                                        
 PatchInstallSettings                                   oracle.install.ivw.common.bean.PatchInstal 
                                                        lSettings@140c9f39                         
 RootConfigurationSettings                              oracle.install.ivw.common.bean.RootConfigu 
                                                        rationSettings@4d910fd6                    
 SECURITY_UPDATES_VIA_MYORACLESUPPORT                   false                                      
 SELECTED_LANGUAGES                                     {"en"}                                     
 UNIX_GROUP_NAME                                        oinstall                                   
 WindowsSecureOptionSettings                            oracle.install.ivw.common.bean.WindowsSecu 
                                                        reOptionSettings@1f97cf0d                  
 b_rdbmsInstall                                         true                                       
 oracle.install.db.isCCRAuthenticationUsed              false                                      
 oracle_install_IsBuiltInAccount                        false                                      
 oracle_install_IsOracleServiceUserExists               false                                      
 oracle_install_IsVirtualAccount                        false                                      
 oracle_install_NoMigration                             false                                      
 oracle_install_OCR_PartitionLocation                                                              
 oracle_install_OSBKP                                   dba                                        
 oracle_install_OSDBA                                   dba                                        
 oracle_install_OSDGD                                   dba                                        
 oracle_install_OSKMT                                   dba                                        
 oracle_install_ProductName                                                                        
 oracle_install_RACInstall                              false                                      
 oracle_install_RDBMSInstalling                         true                                       
 oracle_install_autoupdates_httpProxyPort               0                                          
 oracle_install_autoupdates_httpProxySettings           oracle.install.ivw.common.bean.HttpProxySe 
                                                        ttings@51f116b8                            
 oracle_install_autoupdates_myOracleSupportCredentials  oracle.install.ivw.common.bean.MyOracleSup 
                                                        portSettings@4cc8eb05                      
 oracle_install_db_ASMSNMPUserPassword                  *Protected value, not to be logged*        
 oracle_install_db_AllocatedMemory                      2278                                       
 oracle_install_db_AutoMemoryOption                     true                                       
 oracle_install_db_CharSetOption                        3                                          
 oracle_install_db_CharacterSet                         AL32UTF8                                   
 oracle_install_db_ConfigTabSelected                    0                                          
 oracle_install_db_ConfigurationType                    &General Purpose / Transaction Processing  
 oracle_install_db_ConfigureAsContainerDB               true                                       
 oracle_install_db_DiskGroupName                                                                   
 oracle_install_db_DiskGroupNameForASM                                                             
 oracle_install_db_EnableAutoBackup                     false                                      
 oracle_install_db_GlobalDBName                         orcl                                       
 oracle_install_db_InstallEdition                       EE                                         
 oracle_install_db_InstallOption                        INSTALL_DB_AND_CONFIG                      
 oracle_install_db_InstallOptionSelected                1                                          
 oracle_install_db_InstallType                          EE                                         
 oracle_install_db_LaunchDBCA                           false                                      
 oracle_install_db_LaunchNETCA                          false                                      
 oracle_install_db_LaunchODMA                           false                                      
 oracle_install_db_LoadExampleSchemas                   true                                       
 oracle_install_db_MountPointLocation                   /opt/oracledb/oradata                      
 oracle_install_db_PDBName                              pdborcl                                    
 oracle_install_db_QuickInstallOption                   false                                      
 oracle_install_db_RecoveryBackUpLocation                                                          
 oracle_install_db_SID                                  orcl                                       
 oracle_install_db_ServerPoolCardinality                0                                          
 oracle_install_db_SetOracleBase                        false                                      
 oracle_install_db_SkipHARegistration                   false                                      
 oracle_install_db_StarterDatabaseType                  GENERAL_PURPOSE                            
 oracle_install_db_StorageType                          1                                          
 oracle_install_db_SuperAdminPasswords                  *Protected value, not to be logged*        
 oracle_install_db_SuperAdminSamePasswdForAll           *Protected value, not to be logged*        
 oracle_install_db_SystemClass                          DESKTOP_CLASS                              
 oracle_install_db_Type                                 1                                          
 oracle_install_db_UseFileSystemForRecovery             false                                      
 oracle_install_db_UseSamePassword                      true                                       
 oracle_install_db_isRACOneInstall                      false                                      
 oracle_install_db_managementOption                     DEFAULT                                    
 oracle_install_db_nodeList                             {}                                         
 oracle_install_db_omsPort                              0                                          
 oracle_install_db_racOneServiceName                                                               
 oracle_install_rootConfiguration_ExecuteRootScript     false                                      
----------------------------------------------------------------------------------------------------

INFO: 启动 Oracle Database 12c 发行版 2 安装程序
INFO: Started executing the flow in SILENT mode
INFO: Executing initialize action at state prepInstall
INFO: Completed executing initialize action at state <prepInstall>
INFO: Waiting for completion of background operations
INFO: Finishing all forked tasks at state prepInstall
INFO: Waiting for completion all forked tasks at state prepInstall
INFO: All forked task are completed at state prepInstall
INFO: Completed background operations
INFO: Waiting for completion of background operations
INFO: Completed background operations
INFO: Executing action at state prepInstall
INFO: Completed executing action at state <prepInstall>
INFO: Waiting for completion of background operations
INFO: Completed background operations
INFO: Waiting for completion of background operations
INFO: Completed background operations
INFO: Moved to state <prepInstall>
INFO: Waiting for completion of background operations
INFO: Completed background operations
INFO: Validating state <prepInstall>
INFO: Completed validating state <prepInstall>
INFO: Verifying route success
INFO: Checking condition at state <autoupdatesDecider>
INFO: Successfully checked condition at state <autoupdatesDecider>
INFO: Condition matched at state <autoupdatesDecider>.
INFO: Redirecting to route <matched>.
INFO: Executing initialize action at state supportedOSCheck
INFO: Completed executing initialize action at state <supportedOSCheck>
INFO: Waiting for completion of background operations
INFO: Completed background operations
INFO: Waiting for completion of background operations
INFO: Completed background operations
INFO: Executing action at state supportedOSCheck
INFO: Loaded prereq XML file is: /opt/install/oracledb/database/stage/cvu/cvu_prereq.xml
INFO: Completed executing action at state <supportedOSCheck>
INFO: Waiting for completion of background operations
INFO: Completed background operations
INFO: Waiting for completion of background operations
INFO: Completed background operations
INFO: Moved to state <supportedOSCheck>
INFO: Waiting for completion of background operations
INFO: Completed background operations
INFO: Validating state <supportedOSCheck>
INFO: 验证安装程序验证设置
INFO: Completed validating state <supportedOSCheck>
INFO: Verifying route success
INFO: Checking condition at state <autoupdatesDecider>
INFO: Successfully checked condition at state <autoupdatesDecider>
INFO: Condition matched at state <autoupdatesDecider>.
INFO: Redirecting to route <matched>.
INFO: Executing initialize action at state decideOCMInstall
INFO: Completed executing initialize action at state <decideOCMInstall>
INFO: Waiting for completion of background operations
INFO: Completed background operations
INFO: Waiting for completion of background operations
INFO: Completed background operations
INFO: Executing action at state decideOCMInstall
INFO: Completed executing action at state <decideOCMInstall>
INFO: Waiting for completion of background operations
INFO: Completed background operations
INFO: Waiting for completion of background operations
INFO: Completed background operations
INFO: Moved to state <decideOCMInstall>
INFO: Waiting for completion of background operations
INFO: Completed background operations
INFO: Validating state <decideOCMInstall>
WARNING: Validation disabled for the state decideOCMInstall
INFO: Completed validating state <decideOCMInstall>
INFO: Verifying route requireOCM
INFO: Checking condition at state <autoupdatesDecider>
INFO: Successfully checked condition at state <autoupdatesDecider>
INFO: Condition matched at state <autoupdatesDecider>.
INFO: Redirecting to route <matched>.
INFO: Executing initialize action at state getOCMDetails
INFO: Completed executing initialize action at state <getOCMDetails>
INFO: Waiting for completion of background operations
INFO: Completed background operations
INFO: Waiting for completion of background operations
INFO: Completed background operations
INFO: Executing action at state getOCMDetails
INFO: Completed executing action at state <getOCMDetails>
INFO: Waiting for completion of background operations
INFO: Completed background operations
INFO: Waiting for completion of background operations
INFO: Completed background operations
INFO: Moved to state <getOCMDetails>
INFO: Waiting for completion of background operations
INFO: Completed background operations
INFO: Validating state <getOCMDetails>
INFO: Completed validating state <getOCMDetails>
INFO: Verifying route success
INFO: Checking condition at state <autoupdatesDecider>
INFO: Successfully checked condition at state <autoupdatesDecider>
INFO: Condition matched at state <autoupdatesDecider>.
INFO: Redirecting to route <matched>.
INFO: Executing initialize action at state installOptions
INFO: Completed executing initialize action at state <installOptions>
INFO: Waiting for completion of background operations
INFO: Completed background operations
INFO: Waiting for completion of background operations
INFO: Completed background operations
INFO: Executing action at state installOptions
INFO: Completed executing action at state <installOptions>
INFO: Waiting for completion of background operations
INFO: Completed background operations
INFO: Waiting for completion of background operations
INFO: Completed background operations
INFO: Moved to state <installOptions>
INFO: Waiting for completion of background operations
INFO: Completed background operations
INFO: Validating state <installOptions>
INFO: oracle.install.library.crs.CRSInfo.isCRSConfigured() returns value false
INFO: oracle.install.library.crs.CRSInfo.isApplicationCluster() returns value :false
INFO: oracle.install.library.crs.CRSInfo.isCRSConfigured() returns value false
INFO: Completed validating state <installOptions>
INFO: InstallOptionsAction Actions.transition called
INFO: oracle.install.library.crs.CRSInfo.isCRSConfigured() returns value false
INFO: selectedInstallOption is :INSTALL_DB_AND_CONFIG
INFO: launchNETCA = true
INFO: Verifying route system_class
INFO: Executing initialize action at state getSystemClass
INFO: Completed executing initialize action at state <getSystemClass>
INFO: Waiting for completion of background operations
INFO: Completed background operations
INFO: Waiting for completion of background operations
INFO: Completed background operations
INFO: Executing action at state getSystemClass
INFO: Completed executing action at state <getSystemClass>
INFO: Waiting for completion of background operations
INFO: Completed background operations
INFO: Waiting for completion of background operations
INFO: Completed background operations
INFO: Moved to state <getSystemClass>
INFO: Waiting for completion of background operations
INFO: Completed background operations
INFO: Validating state <getSystemClass>
INFO: Completed validating state <getSystemClass>
INFO: selectedSystemClass is :SERVER_CLASS
INFO: Gathering system details...
INFO: Gathering system details...
INFO: Verifying route server_class_yes
INFO: Executing initialize action at state DBTypeSelectionPage
INFO: Completed executing initialize action at state <DBTypeSelectionPage>
INFO: Waiting for completion of background operations
INFO: Completed background operations
INFO: Waiting for completion of background operations
INFO: Completed background operations
INFO: Executing action at state DBTypeSelectionPage
INFO: Completed executing action at state <DBTypeSelectionPage>
INFO: Waiting for completion of background operations
INFO: Completed background operations
INFO: Waiting for completion of background operations
INFO: Completed background operations
INFO: Moved to state <DBTypeSelectionPage>
INFO: Waiting for completion of background operations
INFO: Completed background operations
INFO: Validating state <DBTypeSelectionPage>
INFO: oracle.install.library.crs.CRSInfo.isCRSConfigured() returns value false
INFO: oracle.install.library.crs.CRSInfo.isApplicationCluster() returns value :false
INFO: Completed validating state <DBTypeSelectionPage>
INFO: oracle.install.library.crs.CRSInfo.isHAConfigured() returns value false
INFO: Verifying route si_dbcreate
INFO: Checking condition at state <productLanguage>
INFO: Successfully checked condition at state <productLanguage>
INFO: Condition matched at state <productLanguage>.
INFO: Redirecting to route <matched>.
INFO: Waiting for completion of background operations
INFO: Completed background operations
INFO: Waiting for completion of background operations
INFO: Completed background operations
INFO: Executing action at state installType
INFO: Completed executing action at state <installType>
INFO: Waiting for completion of background operations
INFO: Completed background operations
INFO: Waiting for completion of background operations
INFO: Completed background operations
INFO: Moved to state <installType>
INFO: Waiting for completion of background operations
INFO: Completed background operations
INFO: Validating state <installType>
WARNING: Validation disabled for the state installType
INFO: Completed validating state <installType>
INFO: Verifying route advanced_yes
INFO: Checking condition at state <productLanguage>
INFO: Successfully checked condition at state <productLanguage>
INFO: Condition matched at state <productLanguage>.
INFO: Redirecting to route <matched>.
INFO: Executing initialize action at state dbEdition
INFO: Completed executing initialize action at state <dbEdition>
INFO: Waiting for completion of background operations
INFO: Completed background operations
INFO: Waiting for completion of background operations
INFO: Completed background operations
INFO: Executing action at state dbEdition
INFO: Completed executing action at state <dbEdition>
INFO: Waiting for completion of background operations
INFO: Completed background operations
INFO: Waiting for completion of background operations
INFO: Completed background operations
INFO: Moved to state <dbEdition>
INFO: Waiting for completion of background operations
INFO: Completed background operations
INFO: Validating state <dbEdition>
INFO: Completed validating state <dbEdition>
INFO: Install Type selected :EE
INFO: Database Edition selected: EE
INFO: Verifying route oraclehome_location
INFO: Waiting for completion of background operations
INFO: Completed background operations
INFO: Waiting for completion of background operations
INFO: Completed background operations
INFO: Executing action at state getOracleHome
INFO: Completed executing action at state <getOracleHome>
INFO: Waiting for completion of background operations
INFO: Completed background operations
INFO: Waiting for completion of background operations
INFO: Completed background operations
INFO: Moved to state <getOracleHome>
INFO: Waiting for completion of background operations
INFO: Completed background operations
INFO: Validating state <getOracleHome>
INFO: 正在验证位置详细信息...
INFO: 正在验证指定的位置...
INFO: custom prereq file name: oracle.server_NONE.xml
INFO: refDataFile: /opt/install/oracledb/database/stage/cvu/oracle.server_NONE.xml
INFO: isCustomRefDataFilePresent: false
INFO: Loaded prereq XML file is: /opt/install/oracledb/database/stage/cvu/cvu_prereq.xml
INFO: InstallAreaControl exists: true
INFO: isNewHome= true isORCAHome=false
INFO: Checking:NEW_HOME
INFO: Reading shiphome metadata from /opt/install/oracledb/database/install/../stage/shiphomeproperties.xml
INFO: Loading beanstore from file:/opt/install/oracledb/database/install/../stage/shiphomeproperties.xml
INFO: Translating external format into raw format 
INFO: Restoring class oracle.install.driver.oui.OUIMetadata from file:/opt/install/oracledb/database/install/../stage/shiphomeproperties.xml
INFO: Loading beans from Xml Bean Store. [BeanStoreName:oui-metadata]
INFO: Setting value for the property:properties in the bean:oui-metadata
INFO: Check if the oracle base is parent of existing inventory.
INFO: There is no inventory in the machine.
INFO: 正在检索 ASM 集群文件系统信息...
INFO: 正在检索 ASM 集群文件系统信息...
INFO: oracle.install.library.crs.CRSInfo.isCRSConfigured() returns value false
INFO: oracle.install.library.crs.CRSInfo.isHAConfigured() returns value false
INFO: Reading shiphome metadata from /opt/install/oracledb/database/install/../stage/shiphomeproperties.xml
INFO: Loading beanstore from file:/opt/install/oracledb/database/install/../stage/shiphomeproperties.xml
INFO: Translating external format into raw format 
INFO: Restoring class oracle.install.driver.oui.OUIMetadata from file:/opt/install/oracledb/database/install/../stage/shiphomeproperties.xml
INFO: Loading beans from Xml Bean Store. [BeanStoreName:oui-metadata]
INFO: Setting value for the property:properties in the bean:oui-metadata
INFO: size estimation for EEinstall is 7680.0
INFO: Getting the last existing parent of: /opt/oracledb/product/12.2.0.1/db_1
INFO: Path: /opt/oracledb/product/12.2.0.1/db_1
INFO: Parent: /opt/oracledb/product/12.2.0.1
INFO: Path: /opt/oracledb/product/12.2.0.1
INFO: Parent: /opt/oracledb/product
INFO: Path: /opt/oracledb/product
INFO: Parent: /opt/oracledb
INFO: Path: /opt/oracledb
INFO: Last existing parent: /opt/oracledb
INFO: Executing [df, -P, /opt/oracledb] 
 with environment variables {PATH=/usr/bin:/usr/ccs/bin:/sbin:/bin:/usr/sbin:/usr/bin:/opt/install/oracledb/database/install, SHELL=/bin/bash, JAVA_HOME=, TERM=xterm-256color, XFILESEARCHPATH=/usr/dt/app-defaults/%L/Dt, USER=oracle, CLASSPATH=, LANG=zh_CN.UTF-8, SUDO_COMMAND=/bin/sh -c echo BECOME-SUCCESS-okpmlyloxzvlcfeyrltefnxzdzooagon; /usr/bin/python /var/tmp/ansible-tmp-1551775779.2419755-246092526947381/AnsiballZ_command.py, SUDO_USER=root, SUDO_GID=0, MAIL=/var/mail/root, LD_LIBRARY_PATH=/tmp/OraInstall2019-03-05_08-49-40AM/ext/bin:/tmp/OraInstall2019-03-05_08-49-40AM/ext/lib, NLSPATH=/usr/dt/lib/nls/msg/%L/%N.cat, USERNAME=oracle, LOGNAME=oracle, LC_CTYPE=zh_CN.UTF-8, PWD=/home/oracle/.ansible/tmp/ansible-moduletmp-1551775779.96-MM7WZ3, SUDO_UID=0, LS_COLORS=rs=0:di=38;5;27:ln=38;5;51:mh=44;38;5;15:pi=40;38;5;11:so=38;5;13:do=38;5;5:bd=48;5;232;38;5;11:cd=48;5;232;38;5;3:or=48;5;232;38;5;9:mi=05;48;5;232;38;5;15:su=48;5;196;38;5;15:sg=48;5;11;38;5;16:ca=48;5;196;38;5;226:tw=48;5;10;38;5;16:ow=48;5;10;38;5;21:st=48;5;21;38;5;15:ex=38;5;34:*.tar=38;5;9:*.tgz=38;5;9:*.arc=38;5;9:*.arj=38;5;9:*.taz=38;5;9:*.lha=38;5;9:*.lz4=38;5;9:*.lzh=38;5;9:*.lzma=38;5;9:*.tlz=38;5;9:*.txz=38;5;9:*.tzo=38;5;9:*.t7z=38;5;9:*.zip=38;5;9:*.z=38;5;9:*.Z=38;5;9:*.dz=38;5;9:*.gz=38;5;9:*.lrz=38;5;9:*.lz=38;5;9:*.lzo=38;5;9:*.xz=38;5;9:*.bz2=38;5;9:*.bz=38;5;9:*.tbz=38;5;9:*.tbz2=38;5;9:*.tz=38;5;9:*.deb=38;5;9:*.rpm=38;5;9:*.jar=38;5;9:*.war=38;5;9:*.ear=38;5;9:*.sar=38;5;9:*.rar=38;5;9:*.alz=38;5;9:*.ace=38;5;9:*.zoo=38;5;9:*.cpio=38;5;9:*.7z=38;5;9:*.rz=38;5;9:*.cab=38;5;9:*.jpg=38;5;13:*.jpeg=38;5;13:*.gif=38;5;13:*.bmp=38;5;13:*.pbm=38;5;13:*.pgm=38;5;13:*.ppm=38;5;13:*.tga=38;5;13:*.xbm=38;5;13:*.xpm=38;5;13:*.tif=38;5;13:*.tiff=38;5;13:*.png=38;5;13:*.svg=38;5;13:*.svgz=38;5;13:*.mng=38;5;13:*.pcx=38;5;13:*.mov=38;5;13:*.mpg=38;5;13:*.mpeg=38;5;13:*.m2v=38;5;13:*.mkv=38;5;13:*.webm=38;5;13:*.ogm=38;5;13:*.mp4=38;5;13:*.m4v=38;5;13:*.mp4v=38;5;13:*.vob=38;5;13:*.qt=38;5;13:*.nuv=38;5;13:*.wmv=38;5;13:*.asf=38;5;13:*.rm=38;5;13:*.rmvb=38;5;13:*.flc=38;5;13:*.avi=38;5;13:*.fli=38;5;13:*.flv=38;5;13:*.gl=38;5;13:*.dl=38;5;13:*.xcf=38;5;13:*.xwd=38;5;13:*.yuv=38;5;13:*.cgm=38;5;13:*.emf=38;5;13:*.axv=38;5;13:*.anx=38;5;13:*.ogv=38;5;13:*.ogx=38;5;13:*.aac=38;5;45:*.au=38;5;45:*.flac=38;5;45:*.mid=38;5;45:*.midi=38;5;45:*.mka=38;5;45:*.mp3=38;5;45:*.mpc=38;5;45:*.ogg=38;5;45:*.ra=38;5;45:*.wav=38;5;45:*.axa=38;5;45:*.oga=38;5;45:*.spx=38;5;45:*.xspf=38;5;45:, SHLVL=2, HOME=/home/oracle, _=/opt/install/oracledb/database/install/.oui}
INFO: Starting Output Reader Threads for process df
INFO: The process df exited with code 0
INFO: Waiting for output processor threads to exit.
INFO: Filesystem                      1024-blocks    Used Available Capacity Mounted on
INFO: /dev/mapper/VolGroup00-LogVol00    39269648 9862104  29407544      26% /
INFO: Output processor threads exited.
INFO: Getting the last existing parent of: /opt/oracledb/oradata
INFO: Path: /opt/oracledb/oradata
INFO: Parent: /opt/oracledb
INFO: Path: /opt/oracledb
INFO: Last existing parent: /opt/oracledb
INFO: Executing [df, -P, /opt/oracledb] 
 with environment variables {PATH=/usr/bin:/usr/ccs/bin:/sbin:/bin:/usr/sbin:/usr/bin:/opt/install/oracledb/database/install, SHELL=/bin/bash, JAVA_HOME=, TERM=xterm-256color, XFILESEARCHPATH=/usr/dt/app-defaults/%L/Dt, USER=oracle, CLASSPATH=, LANG=zh_CN.UTF-8, SUDO_COMMAND=/bin/sh -c echo BECOME-SUCCESS-okpmlyloxzvlcfeyrltefnxzdzooagon; /usr/bin/python /var/tmp/ansible-tmp-1551775779.2419755-246092526947381/AnsiballZ_command.py, SUDO_USER=root, SUDO_GID=0, MAIL=/var/mail/root, LD_LIBRARY_PATH=/tmp/OraInstall2019-03-05_08-49-40AM/ext/bin:/tmp/OraInstall2019-03-05_08-49-40AM/ext/lib, NLSPATH=/usr/dt/lib/nls/msg/%L/%N.cat, USERNAME=oracle, LOGNAME=oracle, LC_CTYPE=zh_CN.UTF-8, PWD=/home/oracle/.ansible/tmp/ansible-moduletmp-1551775779.96-MM7WZ3, SUDO_UID=0, LS_COLORS=rs=0:di=38;5;27:ln=38;5;51:mh=44;38;5;15:pi=40;38;5;11:so=38;5;13:do=38;5;5:bd=48;5;232;38;5;11:cd=48;5;232;38;5;3:or=48;5;232;38;5;9:mi=05;48;5;232;38;5;15:su=48;5;196;38;5;15:sg=48;5;11;38;5;16:ca=48;5;196;38;5;226:tw=48;5;10;38;5;16:ow=48;5;10;38;5;21:st=48;5;21;38;5;15:ex=38;5;34:*.tar=38;5;9:*.tgz=38;5;9:*.arc=38;5;9:*.arj=38;5;9:*.taz=38;5;9:*.lha=38;5;9:*.lz4=38;5;9:*.lzh=38;5;9:*.lzma=38;5;9:*.tlz=38;5;9:*.txz=38;5;9:*.tzo=38;5;9:*.t7z=38;5;9:*.zip=38;5;9:*.z=38;5;9:*.Z=38;5;9:*.dz=38;5;9:*.gz=38;5;9:*.lrz=38;5;9:*.lz=38;5;9:*.lzo=38;5;9:*.xz=38;5;9:*.bz2=38;5;9:*.bz=38;5;9:*.tbz=38;5;9:*.tbz2=38;5;9:*.tz=38;5;9:*.deb=38;5;9:*.rpm=38;5;9:*.jar=38;5;9:*.war=38;5;9:*.ear=38;5;9:*.sar=38;5;9:*.rar=38;5;9:*.alz=38;5;9:*.ace=38;5;9:*.zoo=38;5;9:*.cpio=38;5;9:*.7z=38;5;9:*.rz=38;5;9:*.cab=38;5;9:*.jpg=38;5;13:*.jpeg=38;5;13:*.gif=38;5;13:*.bmp=38;5;13:*.pbm=38;5;13:*.pgm=38;5;13:*.ppm=38;5;13:*.tga=38;5;13:*.xbm=38;5;13:*.xpm=38;5;13:*.tif=38;5;13:*.tiff=38;5;13:*.png=38;5;13:*.svg=38;5;13:*.svgz=38;5;13:*.mng=38;5;13:*.pcx=38;5;13:*.mov=38;5;13:*.mpg=38;5;13:*.mpeg=38;5;13:*.m2v=38;5;13:*.mkv=38;5;13:*.webm=38;5;13:*.ogm=38;5;13:*.mp4=38;5;13:*.m4v=38;5;13:*.mp4v=38;5;13:*.vob=38;5;13:*.qt=38;5;13:*.nuv=38;5;13:*.wmv=38;5;13:*.asf=38;5;13:*.rm=38;5;13:*.rmvb=38;5;13:*.flc=38;5;13:*.avi=38;5;13:*.fli=38;5;13:*.flv=38;5;13:*.gl=38;5;13:*.dl=38;5;13:*.xcf=38;5;13:*.xwd=38;5;13:*.yuv=38;5;13:*.cgm=38;5;13:*.emf=38;5;13:*.axv=38;5;13:*.anx=38;5;13:*.ogv=38;5;13:*.ogx=38;5;13:*.aac=38;5;45:*.au=38;5;45:*.flac=38;5;45:*.mid=38;5;45:*.midi=38;5;45:*.mka=38;5;45:*.mp3=38;5;45:*.mpc=38;5;45:*.ogg=38;5;45:*.ra=38;5;45:*.wav=38;5;45:*.axa=38;5;45:*.oga=38;5;45:*.spx=38;5;45:*.xspf=38;5;45:, SHLVL=2, HOME=/home/oracle, _=/opt/install/oracledb/database/install/.oui}
INFO: Starting Output Reader Threads for process df
INFO: Filesystem                      1024-blocks    Used Available Capacity Mounted on
INFO: /dev/mapper/VolGroup00-LogVol00    39269648 9862108  29407540      26% /
INFO: The process df exited with code 0
INFO: Waiting for output processor threads to exit.
INFO: Output processor threads exited.
INFO: PATH has :==>/tmp/OraInstall2019-03-05_08-49-40AM/ext/bin:/tmp/OraInstall2019-03-05_08-49-40AM/ext/lib:/usr/java/packages/lib/amd64:/usr/lib64:/lib64:/lib:/usr/lib
INFO: PATH has :==>/tmp/OraInstall2019-03-05_08-49-40AM/ext/bin:/tmp/OraInstall2019-03-05_08-49-40AM/ext/lib:/usr/java/packages/lib/amd64:/usr/lib64:/lib64:/lib:/usr/lib
INFO: Completed validating state <getOracleHome>
INFO: Verifying route advanced_yes_inventory_no
INFO: Checking condition at state <inventoryPage>
INFO: Successfully checked condition at state <inventoryPage>
INFO: Waiting for completion of background operations
INFO: Completed background operations
INFO: Waiting for completion of background operations
INFO: Completed background operations
INFO: Executing action at state inventoryPage
INFO: Inventory Actions Entering and Exiting execute
INFO: Completed executing action at state <inventoryPage>
INFO: Waiting for completion of background operations
INFO: Completed background operations
INFO: Waiting for completion of background operations
INFO: Completed background operations
INFO: Moved to state <inventoryPage>
INFO: Waiting for completion of background operations
INFO: Completed background operations
INFO: Validating state <inventoryPage>
INFO: Checking whether the given inventory location /opt/oraInventory is user home or not...
INFO: Completed validating state <inventoryPage>
INFO: installOption Selected:INSTALL_DB_AND_CONFIG
INFO: Verifying route advanced_yes_createDB_yes
INFO: Waiting for completion of background operations
INFO: Completed background operations
INFO: Waiting for completion of background operations
INFO: Completed background operations
INFO: Executing action at state configurationType
INFO: Completed executing action at state <configurationType>
INFO: Waiting for completion of background operations
INFO: Completed background operations
INFO: Waiting for completion of background operations
INFO: Completed background operations
INFO: Moved to state <configurationType>
INFO: Waiting for completion of background operations
INFO: Completed background operations
INFO: Validating state <configurationType>
WARNING: Validation disabled for the state configurationType
INFO: Completed validating state <configurationType>
INFO: Verifying route success
INFO: Waiting for completion of background operations
INFO: Completed background operations
INFO: Waiting for completion of background operations
INFO: Completed background operations
INFO: Executing action at state dbIdentifier
INFO: Completed executing action at state <dbIdentifier>
INFO: Waiting for completion of background operations
INFO: Completed background operations
INFO: Waiting for completion of background operations
INFO: Completed background operations
INFO: Moved to state <dbIdentifier>
INFO: Waiting for completion of background operations
INFO: Completed background operations
INFO: Validating state <dbIdentifier>
INFO: Using default Validator configured in the Action class oracle.install.ivw.db.action.DBIdentifierAction
INFO: oracle.install.library.crs.CRSInfo.isCRSConfigured() returns value false
INFO: oracle.install.library.crs.CRSInfo.isHAConfigured() returns value false
WARNING: oracle.cluster.install.InstallException thrown while retrieving Admin groupsPRCI-1112 : 传递的目录名称为空值
INFO: oracle.install.library.crs.CRSInfo.getHAManagedDatabases() returns the list of HA managed databases : []
INFO: oracle.install.library.crs.CRSInfo.isCRSConfigured() returns value false
INFO: oracle.install.library.crs.CRSInfo.isHAConfigured() returns value false
INFO: Completed validating state <dbIdentifier>
INFO: Verifying route success
INFO: Waiting for completion of background operations
INFO: Completed background operations
INFO: Waiting for completion of background operations
INFO: Completed background operations
INFO: Executing action at state configurationOption
INFO: Completed executing action at state <configurationOption>
INFO: Waiting for completion of background operations
INFO: Completed background operations
INFO: Waiting for completion of background operations
INFO: Completed background operations
INFO: Moved to state <configurationOption>
INFO: Waiting for completion of background operations
INFO: Completed background operations
INFO: Validating state <configurationOption>
INFO: Using default Validator configured in the Action class oracle.install.ivw.db.action.ConfigurationOptionsAction
INFO: Completed validating state <configurationOption>
INFO: Verifying route success
INFO: Waiting for completion of background operations
INFO: Completed background operations
INFO: Waiting for completion of background operations
INFO: Completed background operations
INFO: Executing action at state storageOption
INFO: Completed executing action at state <storageOption>
INFO: Waiting for completion of background operations
INFO: Completed background operations
INFO: Waiting for completion of background operations
INFO: Completed background operations
INFO: Moved to state <storageOption>
INFO: Waiting for completion of background operations
INFO: Completed background operations
INFO: Validating state <storageOption>
INFO: Using default Validator configured in the Action class oracle.install.ivw.db.action.StorageOptionsAction
INFO: PATH has :==>/tmp/OraInstall2019-03-05_08-49-40AM/ext/bin:/tmp/OraInstall2019-03-05_08-49-40AM/ext/lib:/usr/java/packages/lib/amd64:/usr/lib64:/lib64:/lib:/usr/lib
INFO: PATH has :==>/tmp/OraInstall2019-03-05_08-49-40AM/ext/bin:/tmp/OraInstall2019-03-05_08-49-40AM/ext/lib:/usr/java/packages/lib/amd64:/usr/lib64:/lib64:/lib:/usr/lib
INFO: oracle.install.library.crs.CRSInfo.isCRSConfigured() returns value false
INFO: oracle.install.library.crs.CRSInfo.isHAConfigured() returns value false
INFO: Getting the last existing parent of: /opt/oracledb/oradata
INFO: Path: /opt/oracledb/oradata
INFO: Parent: /opt/oracledb
INFO: Path: /opt/oracledb
INFO: Last existing parent: /opt/oracledb
INFO: Executing [df, -P, /opt/oracledb] 
 with environment variables {PATH=/usr/bin:/usr/ccs/bin:/sbin:/bin:/usr/sbin:/usr/bin:/opt/install/oracledb/database/install, SHELL=/bin/bash, JAVA_HOME=, TERM=xterm-256color, XFILESEARCHPATH=/usr/dt/app-defaults/%L/Dt, USER=oracle, CLASSPATH=, LANG=zh_CN.UTF-8, SUDO_COMMAND=/bin/sh -c echo BECOME-SUCCESS-okpmlyloxzvlcfeyrltefnxzdzooagon; /usr/bin/python /var/tmp/ansible-tmp-1551775779.2419755-246092526947381/AnsiballZ_command.py, SUDO_USER=root, SUDO_GID=0, MAIL=/var/mail/root, LD_LIBRARY_PATH=/tmp/OraInstall2019-03-05_08-49-40AM/ext/bin:/tmp/OraInstall2019-03-05_08-49-40AM/ext/lib, NLSPATH=/usr/dt/lib/nls/msg/%L/%N.cat, USERNAME=oracle, LOGNAME=oracle, LC_CTYPE=zh_CN.UTF-8, PWD=/home/oracle/.ansible/tmp/ansible-moduletmp-1551775779.96-MM7WZ3, SUDO_UID=0, LS_COLORS=rs=0:di=38;5;27:ln=38;5;51:mh=44;38;5;15:pi=40;38;5;11:so=38;5;13:do=38;5;5:bd=48;5;232;38;5;11:cd=48;5;232;38;5;3:or=48;5;232;38;5;9:mi=05;48;5;232;38;5;15:su=48;5;196;38;5;15:sg=48;5;11;38;5;16:ca=48;5;196;38;5;226:tw=48;5;10;38;5;16:ow=48;5;10;38;5;21:st=48;5;21;38;5;15:ex=38;5;34:*.tar=38;5;9:*.tgz=38;5;9:*.arc=38;5;9:*.arj=38;5;9:*.taz=38;5;9:*.lha=38;5;9:*.lz4=38;5;9:*.lzh=38;5;9:*.lzma=38;5;9:*.tlz=38;5;9:*.txz=38;5;9:*.tzo=38;5;9:*.t7z=38;5;9:*.zip=38;5;9:*.z=38;5;9:*.Z=38;5;9:*.dz=38;5;9:*.gz=38;5;9:*.lrz=38;5;9:*.lz=38;5;9:*.lzo=38;5;9:*.xz=38;5;9:*.bz2=38;5;9:*.bz=38;5;9:*.tbz=38;5;9:*.tbz2=38;5;9:*.tz=38;5;9:*.deb=38;5;9:*.rpm=38;5;9:*.jar=38;5;9:*.war=38;5;9:*.ear=38;5;9:*.sar=38;5;9:*.rar=38;5;9:*.alz=38;5;9:*.ace=38;5;9:*.zoo=38;5;9:*.cpio=38;5;9:*.7z=38;5;9:*.rz=38;5;9:*.cab=38;5;9:*.jpg=38;5;13:*.jpeg=38;5;13:*.gif=38;5;13:*.bmp=38;5;13:*.pbm=38;5;13:*.pgm=38;5;13:*.ppm=38;5;13:*.tga=38;5;13:*.xbm=38;5;13:*.xpm=38;5;13:*.tif=38;5;13:*.tiff=38;5;13:*.png=38;5;13:*.svg=38;5;13:*.svgz=38;5;13:*.mng=38;5;13:*.pcx=38;5;13:*.mov=38;5;13:*.mpg=38;5;13:*.mpeg=38;5;13:*.m2v=38;5;13:*.mkv=38;5;13:*.webm=38;5;13:*.ogm=38;5;13:*.mp4=38;5;13:*.m4v=38;5;13:*.mp4v=38;5;13:*.vob=38;5;13:*.qt=38;5;13:*.nuv=38;5;13:*.wmv=38;5;13:*.asf=38;5;13:*.rm=38;5;13:*.rmvb=38;5;13:*.flc=38;5;13:*.avi=38;5;13:*.fli=38;5;13:*.flv=38;5;13:*.gl=38;5;13:*.dl=38;5;13:*.xcf=38;5;13:*.xwd=38;5;13:*.yuv=38;5;13:*.cgm=38;5;13:*.emf=38;5;13:*.axv=38;5;13:*.anx=38;5;13:*.ogv=38;5;13:*.ogx=38;5;13:*.aac=38;5;45:*.au=38;5;45:*.flac=38;5;45:*.mid=38;5;45:*.midi=38;5;45:*.mka=38;5;45:*.mp3=38;5;45:*.mpc=38;5;45:*.ogg=38;5;45:*.ra=38;5;45:*.wav=38;5;45:*.axa=38;5;45:*.oga=38;5;45:*.spx=38;5;45:*.xspf=38;5;45:, SHLVL=2, HOME=/home/oracle, _=/opt/install/oracledb/database/install/.oui}
INFO: Starting Output Reader Threads for process df
INFO: Filesystem                      1024-blocks    Used Available Capacity Mounted on
INFO: /dev/mapper/VolGroup00-LogVol00    39269648 9862116  29407532      26% /
INFO: The process df exited with code 0
INFO: Waiting for output processor threads to exit.
INFO: Output processor threads exited.
INFO: Getting the last existing parent of: /opt/oracledb/product/12.2.0.1/db_1
INFO: Path: /opt/oracledb/product/12.2.0.1/db_1
INFO: Parent: /opt/oracledb/product/12.2.0.1
INFO: Path: /opt/oracledb/product/12.2.0.1
INFO: Parent: /opt/oracledb/product
INFO: Path: /opt/oracledb/product
INFO: Parent: /opt/oracledb
INFO: Path: /opt/oracledb
INFO: Last existing parent: /opt/oracledb
INFO: Executing [df, -P, /opt/oracledb] 
 with environment variables {PATH=/usr/bin:/usr/ccs/bin:/sbin:/bin:/usr/sbin:/usr/bin:/opt/install/oracledb/database/install, SHELL=/bin/bash, JAVA_HOME=, TERM=xterm-256color, XFILESEARCHPATH=/usr/dt/app-defaults/%L/Dt, USER=oracle, CLASSPATH=, LANG=zh_CN.UTF-8, SUDO_COMMAND=/bin/sh -c echo BECOME-SUCCESS-okpmlyloxzvlcfeyrltefnxzdzooagon; /usr/bin/python /var/tmp/ansible-tmp-1551775779.2419755-246092526947381/AnsiballZ_command.py, SUDO_USER=root, SUDO_GID=0, MAIL=/var/mail/root, LD_LIBRARY_PATH=/tmp/OraInstall2019-03-05_08-49-40AM/ext/bin:/tmp/OraInstall2019-03-05_08-49-40AM/ext/lib, NLSPATH=/usr/dt/lib/nls/msg/%L/%N.cat, USERNAME=oracle, LOGNAME=oracle, LC_CTYPE=zh_CN.UTF-8, PWD=/home/oracle/.ansible/tmp/ansible-moduletmp-1551775779.96-MM7WZ3, SUDO_UID=0, LS_COLORS=rs=0:di=38;5;27:ln=38;5;51:mh=44;38;5;15:pi=40;38;5;11:so=38;5;13:do=38;5;5:bd=48;5;232;38;5;11:cd=48;5;232;38;5;3:or=48;5;232;38;5;9:mi=05;48;5;232;38;5;15:su=48;5;196;38;5;15:sg=48;5;11;38;5;16:ca=48;5;196;38;5;226:tw=48;5;10;38;5;16:ow=48;5;10;38;5;21:st=48;5;21;38;5;15:ex=38;5;34:*.tar=38;5;9:*.tgz=38;5;9:*.arc=38;5;9:*.arj=38;5;9:*.taz=38;5;9:*.lha=38;5;9:*.lz4=38;5;9:*.lzh=38;5;9:*.lzma=38;5;9:*.tlz=38;5;9:*.txz=38;5;9:*.tzo=38;5;9:*.t7z=38;5;9:*.zip=38;5;9:*.z=38;5;9:*.Z=38;5;9:*.dz=38;5;9:*.gz=38;5;9:*.lrz=38;5;9:*.lz=38;5;9:*.lzo=38;5;9:*.xz=38;5;9:*.bz2=38;5;9:*.bz=38;5;9:*.tbz=38;5;9:*.tbz2=38;5;9:*.tz=38;5;9:*.deb=38;5;9:*.rpm=38;5;9:*.jar=38;5;9:*.war=38;5;9:*.ear=38;5;9:*.sar=38;5;9:*.rar=38;5;9:*.alz=38;5;9:*.ace=38;5;9:*.zoo=38;5;9:*.cpio=38;5;9:*.7z=38;5;9:*.rz=38;5;9:*.cab=38;5;9:*.jpg=38;5;13:*.jpeg=38;5;13:*.gif=38;5;13:*.bmp=38;5;13:*.pbm=38;5;13:*.pgm=38;5;13:*.ppm=38;5;13:*.tga=38;5;13:*.xbm=38;5;13:*.xpm=38;5;13:*.tif=38;5;13:*.tiff=38;5;13:*.png=38;5;13:*.svg=38;5;13:*.svgz=38;5;13:*.mng=38;5;13:*.pcx=38;5;13:*.mov=38;5;13:*.mpg=38;5;13:*.mpeg=38;5;13:*.m2v=38;5;13:*.mkv=38;5;13:*.webm=38;5;13:*.ogm=38;5;13:*.mp4=38;5;13:*.m4v=38;5;13:*.mp4v=38;5;13:*.vob=38;5;13:*.qt=38;5;13:*.nuv=38;5;13:*.wmv=38;5;13:*.asf=38;5;13:*.rm=38;5;13:*.rmvb=38;5;13:*.flc=38;5;13:*.avi=38;5;13:*.fli=38;5;13:*.flv=38;5;13:*.gl=38;5;13:*.dl=38;5;13:*.xcf=38;5;13:*.xwd=38;5;13:*.yuv=38;5;13:*.cgm=38;5;13:*.emf=38;5;13:*.axv=38;5;13:*.anx=38;5;13:*.ogv=38;5;13:*.ogx=38;5;13:*.aac=38;5;45:*.au=38;5;45:*.flac=38;5;45:*.mid=38;5;45:*.midi=38;5;45:*.mka=38;5;45:*.mp3=38;5;45:*.mpc=38;5;45:*.ogg=38;5;45:*.ra=38;5;45:*.wav=38;5;45:*.axa=38;5;45:*.oga=38;5;45:*.spx=38;5;45:*.xspf=38;5;45:, SHLVL=2, HOME=/home/oracle, _=/opt/install/oracledb/database/install/.oui}
INFO: Starting Output Reader Threads for process df
INFO: Filesystem                      1024-blocks    Used Available Capacity Mounted on
INFO: /dev/mapper/VolGroup00-LogVol00    39269648 9862180  29407468      26% /
INFO: The process df exited with code 0
INFO: Waiting for output processor threads to exit.
INFO: Output processor threads exited.
INFO: Reading shiphome metadata from /opt/install/oracledb/database/install/../stage/shiphomeproperties.xml
INFO: Loading beanstore from file:/opt/install/oracledb/database/install/../stage/shiphomeproperties.xml
INFO: Translating external format into raw format 
INFO: Restoring class oracle.install.driver.oui.OUIMetadata from file:/opt/install/oracledb/database/install/../stage/shiphomeproperties.xml
INFO: Loading beans from Xml Bean Store. [BeanStoreName:oui-metadata]
INFO: Setting value for the property:properties in the bean:oui-metadata
INFO: size estimation for EEinstall is 7680.0
INFO: PATH has :==>/tmp/OraInstall2019-03-05_08-49-40AM/ext/bin:/tmp/OraInstall2019-03-05_08-49-40AM/ext/lib:/usr/java/packages/lib/amd64:/usr/lib64:/lib64:/lib:/usr/lib
INFO: PATH has :==>/tmp/OraInstall2019-03-05_08-49-40AM/ext/bin:/tmp/OraInstall2019-03-05_08-49-40AM/ext/lib:/usr/java/packages/lib/amd64:/usr/lib64:/lib64:/lib:/usr/lib
INFO: Completed validating state <storageOption>
INFO: Verifying route success
INFO: Executing initialize action at state managementOption
INFO: Completed executing initialize action at state <managementOption>
INFO: Waiting for completion of background operations
INFO: Completed background operations
INFO: Waiting for completion of background operations
INFO: Completed background operations
INFO: Executing action at state managementOption
INFO: Completed executing action at state <managementOption>
INFO: Waiting for completion of background operations
INFO: Completed background operations
INFO: Waiting for completion of background operations
INFO: Completed background operations
INFO: Moved to state <managementOption>
INFO: Waiting for completion of background operations
INFO: Completed background operations
INFO: Validating state <managementOption>
INFO: Completed validating state <managementOption>
INFO: Verifying route success
INFO: Waiting for completion of background operations
INFO: Completed background operations
INFO: Waiting for completion of background operations
INFO: Completed background operations
INFO: Executing action at state recoveryOption
INFO: Completed executing action at state <recoveryOption>
INFO: Waiting for completion of background operations
INFO: Completed background operations
INFO: Waiting for completion of background operations
INFO: Completed background operations
INFO: Moved to state <recoveryOption>
INFO: Waiting for completion of background operations
INFO: Completed background operations
INFO: Validating state <recoveryOption>
INFO: Completed validating state <recoveryOption>
INFO: Verifying route asm_not_chosen
INFO: Waiting for completion of background operations
INFO: Completed background operations
INFO: Waiting for completion of background operations
INFO: Completed background operations
INFO: Executing action at state schemaPasswordDialog
INFO: Completed executing action at state <schemaPasswordDialog>
INFO: Waiting for completion of background operations
INFO: Completed background operations
INFO: Waiting for completion of background operations
INFO: Completed background operations
INFO: Moved to state <schemaPasswordDialog>
INFO: Waiting for completion of background operations
INFO: Completed background operations
INFO: Validating state <schemaPasswordDialog>
INFO: Using default Validator configured in the Action class oracle.install.ivw.db.action.SchemaPasswordAction
INFO: Completed validating state <schemaPasswordDialog>
INFO: dbBean.getDatabase_StorageType_Chosen() is :1
INFO: dbBean.isEnableAutoBackup() is:false
INFO: dbBean.isUseFileSystemForRecoverySelected() is:false
INFO: Verifying route success
INFO: Executing initialize action at state getPrivilegedOSGroups
INFO: Completed executing initialize action at state <getPrivilegedOSGroups>
INFO: Waiting for completion of background operations
INFO: Completed background operations
INFO: Waiting for completion of background operations
INFO: Completed background operations
INFO: Executing action at state getPrivilegedOSGroups
INFO: Completed executing action at state <getPrivilegedOSGroups>
INFO: Waiting for completion of background operations
INFO: Completed background operations
INFO: Waiting for completion of background operations
INFO: Completed background operations
INFO: Moved to state <getPrivilegedOSGroups>
INFO: Waiting for completion of background operations
INFO: Completed background operations
INFO: Validating state <getPrivilegedOSGroups>
INFO: 正在验证组详细信息...
INFO: ... PrivilegedOSGroupValidator: entering validate()
SEVERE: [FATAL] [INS-35344] 没有为Real Application Cluster administrative (OSRACDBA) group指定值。
   操作: 为Real Application Cluster administrative (OSRACDBA) group指定有效的组名。
INFO: Advice is ABORT
INFO: Adding ExitStatus INVALID_USER_INPUT to the exit status set
INFO: Completed validating state <getPrivilegedOSGroups>
INFO: Terminating all background operations
INFO: Terminated all background operations
WARNING: 此会话的日志当前已保存为: /tmp/OraInstall2019-03-05_08-49-40AM/installActions2019-03-05_08-49-40AM.log。如果要保留此日志, Oracle 建议将它从临时位置中转移。
INFO: Finding the most appropriate exit status for the current application
INFO: Exit Status is -2
INFO: Shutdown Oracle Database 12c 发行版 2 安装程序
