Using paramFile: /opt/install/oracledb/database/install/oraparam.ini


Checking Temp space: must be greater than 80 MB.   Actual 33096 MB    Passed
Checking swap space: must be greater than 150 MB.   Actual 3583 MB    Passed

The commandline for unzip:
/opt/install/oracledb/database/install/unzip -qqqo ../stage/Components/oracle.jdk/1.5.0.17.0/1/DataFiles/\*.jar -d /tmp/OraInstall2019-03-05_09-36-08AM 
Using the umask value '022' available from oraparam.ini

Execvp of the child jre : the cmdline is /tmp/OraInstall2019-03-05_09-36-08AM/jdk/jre/bin/java, and the argv is 
/tmp/OraInstall2019-03-05_09-36-08AM/jdk/jre/bin/java
-Doracle.installer.library_loc=/tmp/OraInstall2019-03-05_09-36-08AM/oui/lib/linux
-Doracle.installer.oui_loc=/tmp/OraInstall2019-03-05_09-36-08AM/oui
-Doracle.installer.bootstrap=TRUE
-Doracle.installer.startup_location=/opt/install/oracledb/database/install
-Doracle.installer.jre_loc=/tmp/OraInstall2019-03-05_09-36-08AM/jdk/jre
-Doracle.installer.nlsEnabled="TRUE"
-Doracle.installer.prereqConfigLoc= 
-Doracle.installer.unixVersion=3.10.0-693.11.6.el7.x86_64
-mx150m
-cp
/tmp/OraInstall2019-03-05_09-36-08AM::/tmp/OraInstall2019-03-05_09-36-08AM/ext/jlib/orai18n-utility.jar:/tmp/OraInstall2019-03-05_09-36-08AM/ext/jlib/installcommons_1.0.0b.jar:/tmp/OraInstall2019-03-05_09-36-08AM/ext/jlib/instcommon.jar:/tmp/OraInstall2019-03-05_09-36-08AM/ext/jlib/emocmutl.jar:/tmp/OraInstall2019-03-05_09-36-08AM/ext/jlib/orai18n-mapping.jar:/tmp/OraInstall2019-03-05_09-36-08AM/ext/jlib/instdb.jar:/tmp/OraInstall2019-03-05_09-36-08AM/ext/jlib/ssh.jar:/tmp/OraInstall2019-03-05_09-36-08AM/ext/jlib/prov_fixup.jar:/tmp/OraInstall2019-03-05_09-36-08AM/ext/jlib/remoteinterfaces.jar:/tmp/OraInstall2019-03-05_09-36-08AM/ext/jlib/cvu.jar:/tmp/OraInstall2019-03-05_09-36-08AM/ext/jlib/jsch.jar:/tmp/OraInstall2019-03-05_09-36-08AM/ext/jlib/OraPrereqChecks.jar:/tmp/OraInstall2019-03-05_09-36-08AM/ext/jlib/OraPrereq.jar:/tmp/OraInstall2019-03-05_09-36-08AM/oui/jlib/OraInstaller.jar:/tmp/OraInstall2019-03-05_09-36-08AM/oui/jlib/oneclick.jar:/tmp/OraInstall2019-03-05_09-36-08AM/oui/jlib/xmlparserv2.jar:/tmp/OraInstall2019-03-05_09-36-08AM/oui/jlib/share.jar:/tmp/OraInstall2019-03-05_09-36-08AM/oui/jlib/OraInstallerNet.jar:/tmp/OraInstall2019-03-05_09-36-08AM/oui/jlib/emCfg.jar:/tmp/OraInstall2019-03-05_09-36-08AM/oui/jlib/emocmutl.jar:/tmp/OraInstall2019-03-05_09-36-08AM/oui/jlib/OraPrereq.jar:/tmp/OraInstall2019-03-05_09-36-08AM/oui/jlib/jsch.jar:/tmp/OraInstall2019-03-05_09-36-08AM/oui/jlib/ssh.jar:/tmp/OraInstall2019-03-05_09-36-08AM/oui/jlib/remoteinterfaces.jar:/tmp/OraInstall2019-03-05_09-36-08AM/oui/jlib/http_client.jar:../stage/Components/oracle.swd.opatch/11.2.0.1.0/1/DataFiles/jlib/opatch.jar:../stage/Components/oracle.swd.opatch/11.2.0.1.0/1/DataFiles/jlib/opatchactions.jar:../stage/Components/oracle.swd.opatch/11.2.0.1.0/1/DataFiles/jlib/opatchprereq.jar:../stage/Components/oracle.swd.opatch/11.2.0.1.0/1/DataFiles/jlib/opatchutil.jar:/tmp/OraInstall2019-03-05_09-36-08AM/oui/jlib/OraCheckPoint.jar:/tmp/OraInstall2019-03-05_09-36-08AM/oui/jlib/InstImages.jar:/tmp/OraInstall2019-03-05_09-36-08AM/oui/jlib/InstHelp.jar:/tmp/OraInstall2019-03-05_09-36-08AM/oui/jlib/InstHelp_de.jar:/tmp/OraInstall2019-03-05_09-36-08AM/oui/jlib/InstHelp_es.jar:/tmp/OraInstall2019-03-05_09-36-08AM/oui/jlib/InstHelp_fr.jar:/tmp/OraInstall2019-03-05_09-36-08AM/oui/jlib/InstHelp_it.jar:/tmp/OraInstall2019-03-05_09-36-08AM/oui/jlib/InstHelp_ja.jar:/tmp/OraInstall2019-03-05_09-36-08AM/oui/jlib/InstHelp_ko.jar:/tmp/OraInstall2019-03-05_09-36-08AM/oui/jlib/InstHelp_pt_BR.jar:/tmp/OraInstall2019-03-05_09-36-08AM/oui/jlib/InstHelp_zh_CN.jar:/tmp/OraInstall2019-03-05_09-36-08AM/oui/jlib/InstHelp_zh_TW.jar:/tmp/OraInstall2019-03-05_09-36-08AM/oui/jlib/oracle_ice.jar:/tmp/OraInstall2019-03-05_09-36-08AM/oui/jlib/help4.jar:/tmp/OraInstall2019-03-05_09-36-08AM/oui/jlib/help4-nls.jar:/tmp/OraInstall2019-03-05_09-36-08AM/oui/jlib/ewt3.jar:/tmp/OraInstall2019-03-05_09-36-08AM/oui/jlib/ewt3-swingaccess.jar:/tmp/OraInstall2019-03-05_09-36-08AM/oui/jlib/ewt3-nls.jar:/tmp/OraInstall2019-03-05_09-36-08AM/oui/jlib/swingaccess.jar::/tmp/OraInstall2019-03-05_09-36-08AM/oui/jlib/jewt4.jar:/tmp/OraInstall2019-03-05_09-36-08AM/oui/jlib/jewt4-nls.jar:/tmp/OraInstall2019-03-05_09-36-08AM/oui/jlib/orai18n-collation.jar:/tmp/OraInstall2019-03-05_09-36-08AM/oui/jlib/orai18n-mapping.jar:/tmp/OraInstall2019-03-05_09-36-08AM/oui/jlib/ojmisc.jar:/tmp/OraInstall2019-03-05_09-36-08AM/oui/jlib/xml.jar:/tmp/OraInstall2019-03-05_09-36-08AM/oui/jlib/srvm.jar:/tmp/OraInstall2019-03-05_09-36-08AM/oui/jlib/srvmasm.jar
oracle.install.ivw.db.driver.DBInstaller
-scratchPath
/tmp/OraInstall2019-03-05_09-36-08AM
-sourceLoc
/opt/install/oracledb/database/install/../stage/products.xml
-sourceType
network
-timestamp
2019-03-05_09-36-08AM
-silent
-noconfig
-ignorePrereq
-responseFile
/opt/install/oracledb/db.rsp
INFO: Loading data from: jar:file:/tmp/OraInstall2019-03-05_09-36-08AM/ext/jlib/installcommons_1.0.0b.jar!/oracle/install/driver/oui/resource/ConfigCommandMappings.xml
INFO: Loading beanstore from jar:file:/tmp/OraInstall2019-03-05_09-36-08AM/ext/jlib/installcommons_1.0.0b.jar!/oracle/install/driver/oui/resource/ConfigCommandMappings.xml
INFO: Restoring class oracle.install.driver.oui.ConfigCmdMappings from jar:file:/tmp/OraInstall2019-03-05_09-36-08AM/ext/jlib/installcommons_1.0.0b.jar!/oracle/install/driver/oui/resource/ConfigCommandMappings.xml
INFO: Inventory exists: false
INFO: Registering setup bean
INFO: Validating Response File /opt/install/oracledb/db.rsp
WARNING: Unable to find the namespace URI. Reason: Start of root element expected.
SEVERE: [FATAL] [INS-10105] The given response file /opt/install/oracledb/db.rsp is not valid.
   CAUSE: Syntactically incorrect response file. Either unexpected variables are specified or expected variables are not specified in the response file.
   ACTION: Refer the latest product specific response file template
   SUMMARY:
       - cvc-complex-type.2.4.a: Invalid content was found starting with element 'oracle.install.db.racOneServiceName'. One of '{"":oracle.install.responseFileVersion, "":oracle.install.option, "":SELECTED_LANGUAGES, "":ORACLE_HOSTNAME, "":INVENTORY_LOCATION, "":UNIX_GROUP_NAME, "":oracle.install.db.InstallEdition, "":ORACLE_BASE, "":ORACLE_HOME, "":oracle.install.db.CLUSTER_NODES, "":oracle.install.db.DBA_GROUP, "":oracle.install.db.OPER_GROUP, "":oracle.install.db.isCustomInstall, "":oracle.install.db.customComponents, "":oracle.install.db.config.starterdb.type, "":oracle.install.db.config.starterdb.SID, "":oracle.install.db.config.starterdb.globalDBName, "":oracle.install.db.config.starterdb.characterSet, "":oracle.install.db.config.starterdb.memoryLimit, "":oracle.install.db.config.starterdb.enableSecuritySettings, "":oracle.install.db.config.starterdb.installExampleSchemas, "":oracle.install.db.config.starterdb.memoryOption, "":oracle.install.db.config.starterdb.storageType, "":oracle.install.db.config.starterdb.fileSystemStorage.recoveryLocation, "":oracle.install.db.config.starterdb.fileSystemStorage.dataLocation, "":oracle.install.db.config.starterdb.password.ALL, "":oracle.install.db.config.starterdb.password.SYS, "":oracle.install.db.config.starterdb.password.DBSNMP, "":oracle.install.db.config.starterdb.password.SYSMAN, "":oracle.install.db.config.starterdb.password.SYSTEM, "":oracle.install.db.config.starterdb.control, "":oracle.install.db.config.starterdb.dbcontrol.enableEmailNotification, "":oracle.install.db.config.starterdb.dbcontrol.emailAddress, "":oracle.install.db.config.starterdb.dbcontrol.SMTPServer, "":oracle.install.db.config.starterdb.gridcontrol.gridControlServiceURL, "":oracle.install.db.config.starterdb.automatedBackup.enable, "":oracle.install.db.config.starterdb.automatedBackup.osuid, "":oracle.install.db.config.starterdb.automatedBackup.ospwd, "":oracle.install.db.config.asm.diskGroup, "":oracle.install.db.config.asm.ASMSNMPPassword, "":SECURITY_UPDATES_VIA_MYORACLESUPPORT, "":DECLINE_SECURITY_UPDATES, "":MYORACLESUPPORT_USERNAME, "":MYORACLESUPPORT_PASSWORD, "":PROXY_PORT, "":PROXY_HOST, "":PROXY_USER, "":PROXY_PWD}' is expected.
.
Refer associated stacktrace #oracle.install.commons.util.exception.DefaultErrorAdvisor:13
INFO: Advice is ABORT
SEVERE: Unconditional Exit
INFO: Adding ExitStatus FAILURE to the exit status set
WARNING: A log of this session is currently saved as: /tmp/OraInstall2019-03-05_09-36-08AM/installActions2019-03-05_09-36-08AM.log. Oracle recommends that if you want to keep this log, you should move it from the temporary location to a more permanent location.
INFO: Finding the most appropriate exit status for the current application
INFO: Exit Status is -1
INFO: Shutdown Oracle Database 11g Release 2 Installer
